Started GET "/" for 127.0.0.1 at 2020-01-08 10:45:41 -0300
Processing by Rails::WelcomeController#index as HTML
  Rendering /usr/share/rubygems-integration/all/gems/railties-5.2.2/lib/rails/templates/rails/welcome/index.html.erb
  Rendered /usr/share/rubygems-integration/all/gems/railties-5.2.2/lib/rails/templates/rails/welcome/index.html.erb (5.4ms)
Completed 200 OK in 23ms (Views: 16.9ms | ActiveRecord: 0.0ms)


Started GET "/" for 127.0.0.1 at 2020-01-08 10:47:18 -0300
Processing by Rails::WelcomeController#index as HTML
  Rendering /usr/share/rubygems-integration/all/gems/railties-5.2.2/lib/rails/templates/rails/welcome/index.html.erb
  Rendered /usr/share/rubygems-integration/all/gems/railties-5.2.2/lib/rails/templates/rails/welcome/index.html.erb (8.3ms)
Completed 200 OK in 15ms (Views: 11.6ms | ActiveRecord: 0.0ms)


Started GET "/pages/welcome" for 127.0.0.1 at 2020-01-08 10:47:42 -0300
Processing by PagesController#welcome as HTML
  Rendering pages/welcome.html.erb within layouts/application
  Rendered pages/welcome.html.erb within layouts/application (0.2ms)
Completed 200 OK in 1110ms (Views: 1109.6ms | ActiveRecord: 0.0ms)


Started GET "/pages/about" for 127.0.0.1 at 2020-01-08 10:47:54 -0300
Processing by PagesController#about as HTML
  Rendering pages/about.html.erb within layouts/application
  Rendered pages/about.html.erb within layouts/application (0.3ms)
Completed 200 OK in 12ms (Views: 10.7ms | ActiveRecord: 0.0ms)


Started GET "/pages/welcome" for 127.0.0.1 at 2020-01-08 10:52:57 -0300
Processing by PagesController#welcome as HTML
  Rendering pages/welcome.html.erb within layouts/application
  Rendered pages/welcome.html.erb within layouts/application (0.6ms)
Completed 200 OK in 37ms (Views: 35.1ms | ActiveRecord: 0.0ms)


Started GET "/pages/about" for 127.0.0.1 at 2020-01-08 10:53:08 -0300
Processing by PagesController#about as HTML
  Rendering pages/about.html.erb within layouts/application
  Rendered pages/about.html.erb within layouts/application (1.0ms)
Completed 200 OK in 34ms (Views: 32.0ms | ActiveRecord: 0.0ms)


Started GET "/pages/about" for 127.0.0.1 at 2020-01-08 10:56:47 -0300
Processing by PagesController#about as HTML
  Rendering pages/about.html.erb within layouts/application
  Rendered pages/about.html.erb within layouts/application (0.4ms)
Completed 200 OK in 18ms (Views: 17.4ms | ActiveRecord: 0.0ms)


Started GET "/pages/about" for 127.0.0.1 at 2020-01-08 10:57:07 -0300
Processing by PagesController#about as HTML
  Rendering pages/about.html.erb within layouts/application
  Rendered pages/about.html.erb within layouts/application (0.4ms)
Completed 200 OK in 16ms (Views: 14.9ms | ActiveRecord: 0.0ms)


Started GET "/pages/about" for 127.0.0.1 at 2020-01-08 10:57:40 -0300
Processing by PagesController#about as HTML
  Rendering pages/about.html.erb within layouts/application
  Rendered pages/about.html.erb within layouts/application (0.3ms)
Completed 200 OK in 17ms (Views: 16.4ms | ActiveRecord: 0.0ms)


Started GET "/pages/welcome" for 127.0.0.1 at 2020-01-08 11:02:00 -0300
  
ActionController::RoutingError (No route matches [GET] "/pages/welcome"):
  
actionpack (5.2.2) lib/action_dispatch/middleware/debug_exceptions.rb:65:in `call'
/usr/lib/ruby/vendor_ruby/web_console/middleware.rb:135:in `call_app'
/usr/lib/ruby/vendor_ruby/web_console/middleware.rb:30:in `block in call'
/usr/lib/ruby/vendor_ruby/web_console/middleware.rb:20:in `catch'
/usr/lib/ruby/vendor_ruby/web_console/middleware.rb:20:in `call'
actionpack (5.2.2) lib/action_dispatch/middleware/show_exceptions.rb:33:in `call'
railties (5.2.2) lib/rails/rack/logger.rb:38:in `call_app'
railties (5.2.2) lib/rails/rack/logger.rb:26:in `block in call'
activesupport (5.2.2) lib/active_support/tagged_logging.rb:71:in `block in tagged'
activesupport (5.2.2) lib/active_support/tagged_logging.rb:28:in `tagged'
activesupport (5.2.2) lib/active_support/tagged_logging.rb:71:in `tagged'
railties (5.2.2) lib/rails/rack/logger.rb:26:in `call'
/usr/lib/ruby/vendor_ruby/sprockets/rails/quiet_assets.rb:13:in `call'
actionpack (5.2.2) lib/action_dispatch/middleware/remote_ip.rb:81:in `call'
actionpack (5.2.2) lib/action_dispatch/middleware/request_id.rb:27:in `call'
/usr/lib/ruby/vendor_ruby/rack/method_override.rb:22:in `call'
/usr/lib/ruby/vendor_ruby/rack/runtime.rb:22:in `call'
activesupport (5.2.2) lib/active_support/cache/strategy/local_cache_middleware.rb:29:in `call'
actionpack (5.2.2) lib/action_dispatch/middleware/executor.rb:14:in `call'
actionpack (5.2.2) lib/action_dispatch/middleware/static.rb:127:in `call'
/usr/lib/ruby/vendor_ruby/rack/sendfile.rb:111:in `call'
railties (5.2.2) lib/rails/engine.rb:524:in `call'
/usr/lib/ruby/vendor_ruby/puma/configuration.rb:225:in `call'
/usr/lib/ruby/vendor_ruby/puma/server.rb:658:in `handle_request'
/usr/lib/ruby/vendor_ruby/puma/server.rb:472:in `process_client'
/usr/lib/ruby/vendor_ruby/puma/server.rb:332:in `block in run'
/usr/lib/ruby/vendor_ruby/puma/thread_pool.rb:133:in `block in spawn_thread'
Started GET "/welcome" for 127.0.0.1 at 2020-01-08 11:02:04 -0300
  
ActionController::RoutingError (No route matches [GET] "/welcome"):
  
actionpack (5.2.2) lib/action_dispatch/middleware/debug_exceptions.rb:65:in `call'
/usr/lib/ruby/vendor_ruby/web_console/middleware.rb:135:in `call_app'
/usr/lib/ruby/vendor_ruby/web_console/middleware.rb:30:in `block in call'
/usr/lib/ruby/vendor_ruby/web_console/middleware.rb:20:in `catch'
/usr/lib/ruby/vendor_ruby/web_console/middleware.rb:20:in `call'
actionpack (5.2.2) lib/action_dispatch/middleware/show_exceptions.rb:33:in `call'
railties (5.2.2) lib/rails/rack/logger.rb:38:in `call_app'
railties (5.2.2) lib/rails/rack/logger.rb:26:in `block in call'
activesupport (5.2.2) lib/active_support/tagged_logging.rb:71:in `block in tagged'
activesupport (5.2.2) lib/active_support/tagged_logging.rb:28:in `tagged'
activesupport (5.2.2) lib/active_support/tagged_logging.rb:71:in `tagged'
railties (5.2.2) lib/rails/rack/logger.rb:26:in `call'
/usr/lib/ruby/vendor_ruby/sprockets/rails/quiet_assets.rb:13:in `call'
actionpack (5.2.2) lib/action_dispatch/middleware/remote_ip.rb:81:in `call'
actionpack (5.2.2) lib/action_dispatch/middleware/request_id.rb:27:in `call'
/usr/lib/ruby/vendor_ruby/rack/method_override.rb:22:in `call'
/usr/lib/ruby/vendor_ruby/rack/runtime.rb:22:in `call'
activesupport (5.2.2) lib/active_support/cache/strategy/local_cache_middleware.rb:29:in `call'
actionpack (5.2.2) lib/action_dispatch/middleware/executor.rb:14:in `call'
actionpack (5.2.2) lib/action_dispatch/middleware/static.rb:127:in `call'
/usr/lib/ruby/vendor_ruby/rack/sendfile.rb:111:in `call'
railties (5.2.2) lib/rails/engine.rb:524:in `call'
/usr/lib/ruby/vendor_ruby/puma/configuration.rb:225:in `call'
/usr/lib/ruby/vendor_ruby/puma/server.rb:658:in `handle_request'
/usr/lib/ruby/vendor_ruby/puma/server.rb:472:in `process_client'
/usr/lib/ruby/vendor_ruby/puma/server.rb:332:in `block in run'
/usr/lib/ruby/vendor_ruby/puma/thread_pool.rb:133:in `block in spawn_thread'
Started GET "/welcome" for 127.0.0.1 at 2020-01-08 11:02:23 -0300
  
ActionController::RoutingError (No route matches [GET] "/welcome"):
  
actionpack (5.2.2) lib/action_dispatch/middleware/debug_exceptions.rb:65:in `call'
/usr/lib/ruby/vendor_ruby/web_console/middleware.rb:135:in `call_app'
/usr/lib/ruby/vendor_ruby/web_console/middleware.rb:30:in `block in call'
/usr/lib/ruby/vendor_ruby/web_console/middleware.rb:20:in `catch'
/usr/lib/ruby/vendor_ruby/web_console/middleware.rb:20:in `call'
actionpack (5.2.2) lib/action_dispatch/middleware/show_exceptions.rb:33:in `call'
railties (5.2.2) lib/rails/rack/logger.rb:38:in `call_app'
railties (5.2.2) lib/rails/rack/logger.rb:26:in `block in call'
activesupport (5.2.2) lib/active_support/tagged_logging.rb:71:in `block in tagged'
activesupport (5.2.2) lib/active_support/tagged_logging.rb:28:in `tagged'
activesupport (5.2.2) lib/active_support/tagged_logging.rb:71:in `tagged'
railties (5.2.2) lib/rails/rack/logger.rb:26:in `call'
/usr/lib/ruby/vendor_ruby/sprockets/rails/quiet_assets.rb:13:in `call'
actionpack (5.2.2) lib/action_dispatch/middleware/remote_ip.rb:81:in `call'
actionpack (5.2.2) lib/action_dispatch/middleware/request_id.rb:27:in `call'
/usr/lib/ruby/vendor_ruby/rack/method_override.rb:22:in `call'
/usr/lib/ruby/vendor_ruby/rack/runtime.rb:22:in `call'
activesupport (5.2.2) lib/active_support/cache/strategy/local_cache_middleware.rb:29:in `call'
actionpack (5.2.2) lib/action_dispatch/middleware/executor.rb:14:in `call'
actionpack (5.2.2) lib/action_dispatch/middleware/static.rb:127:in `call'
/usr/lib/ruby/vendor_ruby/rack/sendfile.rb:111:in `call'
railties (5.2.2) lib/rails/engine.rb:524:in `call'
/usr/lib/ruby/vendor_ruby/puma/configuration.rb:225:in `call'
/usr/lib/ruby/vendor_ruby/puma/server.rb:658:in `handle_request'
/usr/lib/ruby/vendor_ruby/puma/server.rb:472:in `process_client'
/usr/lib/ruby/vendor_ruby/puma/server.rb:332:in `block in run'
/usr/lib/ruby/vendor_ruby/puma/thread_pool.rb:133:in `block in spawn_thread'
Started GET "/" for 127.0.0.1 at 2020-01-08 11:03:34 -0300
Processing by PagesController#welcome as HTML
  Rendering pages/welcome.html.erb within layouts/application
  Rendered pages/welcome.html.erb within layouts/application (0.4ms)
Completed 200 OK in 20ms (Views: 17.9ms | ActiveRecord: 0.0ms)


Started GET "/about" for 127.0.0.1 at 2020-01-08 11:03:47 -0300
  
ActionController::RoutingError (No route matches [GET] "/about"):
  
actionpack (5.2.2) lib/action_dispatch/middleware/debug_exceptions.rb:65:in `call'
/usr/lib/ruby/vendor_ruby/web_console/middleware.rb:135:in `call_app'
/usr/lib/ruby/vendor_ruby/web_console/middleware.rb:30:in `block in call'
/usr/lib/ruby/vendor_ruby/web_console/middleware.rb:20:in `catch'
/usr/lib/ruby/vendor_ruby/web_console/middleware.rb:20:in `call'
actionpack (5.2.2) lib/action_dispatch/middleware/show_exceptions.rb:33:in `call'
railties (5.2.2) lib/rails/rack/logger.rb:38:in `call_app'
railties (5.2.2) lib/rails/rack/logger.rb:26:in `block in call'
activesupport (5.2.2) lib/active_support/tagged_logging.rb:71:in `block in tagged'
activesupport (5.2.2) lib/active_support/tagged_logging.rb:28:in `tagged'
activesupport (5.2.2) lib/active_support/tagged_logging.rb:71:in `tagged'
railties (5.2.2) lib/rails/rack/logger.rb:26:in `call'
/usr/lib/ruby/vendor_ruby/sprockets/rails/quiet_assets.rb:13:in `call'
actionpack (5.2.2) lib/action_dispatch/middleware/remote_ip.rb:81:in `call'
actionpack (5.2.2) lib/action_dispatch/middleware/request_id.rb:27:in `call'
/usr/lib/ruby/vendor_ruby/rack/method_override.rb:22:in `call'
/usr/lib/ruby/vendor_ruby/rack/runtime.rb:22:in `call'
activesupport (5.2.2) lib/active_support/cache/strategy/local_cache_middleware.rb:29:in `call'
actionpack (5.2.2) lib/action_dispatch/middleware/executor.rb:14:in `call'
actionpack (5.2.2) lib/action_dispatch/middleware/static.rb:127:in `call'
/usr/lib/ruby/vendor_ruby/rack/sendfile.rb:111:in `call'
railties (5.2.2) lib/rails/engine.rb:524:in `call'
/usr/lib/ruby/vendor_ruby/puma/configuration.rb:225:in `call'
/usr/lib/ruby/vendor_ruby/puma/server.rb:658:in `handle_request'
/usr/lib/ruby/vendor_ruby/puma/server.rb:472:in `process_client'
/usr/lib/ruby/vendor_ruby/puma/server.rb:332:in `block in run'
/usr/lib/ruby/vendor_ruby/puma/thread_pool.rb:133:in `block in spawn_thread'
Started GET "/about" for 127.0.0.1 at 2020-01-08 11:04:27 -0300
Processing by PagesController#about as HTML
  Rendering pages/about.html.erb within layouts/application
  Rendered pages/about.html.erb within layouts/application (0.5ms)
Completed 200 OK in 24ms (Views: 22.2ms | ActiveRecord: 0.0ms)


Started GET "/about" for 127.0.0.1 at 2020-01-08 11:07:22 -0300
Processing by PagesController#about as HTML
  Rendering pages/about.html.erb within layouts/application
  Rendered pages/about.html.erb within layouts/application (0.9ms)
Completed 200 OK in 53ms (Views: 49.5ms | ActiveRecord: 0.0ms)


Started GET "/about" for 127.0.0.1 at 2020-01-08 11:09:10 -0300
Processing by PagesController#about as HTML
  Rendering pages/about.html.erb within layouts/application
  Rendered pages/about.html.erb within layouts/application (0.4ms)
Completed 200 OK in 15ms (Views: 14.6ms | ActiveRecord: 0.0ms)


Started GET "/" for 127.0.0.1 at 2020-01-08 11:09:12 -0300
Processing by PagesController#welcome as HTML
  Rendering pages/welcome.html.erb within layouts/application
  Rendered pages/welcome.html.erb within layouts/application (0.6ms)
Completed 200 OK in 28ms (Views: 26.0ms | ActiveRecord: 0.0ms)


Started GET "/about" for 127.0.0.1 at 2020-01-08 11:09:13 -0300
Processing by PagesController#about as HTML
  Rendering pages/about.html.erb within layouts/application
  Rendered pages/about.html.erb within layouts/application (1.4ms)
Completed 200 OK in 49ms (Views: 46.2ms | ActiveRecord: 0.0ms)


Started GET "/" for 127.0.0.1 at 2020-01-08 11:09:14 -0300
Processing by PagesController#welcome as HTML
  Rendering pages/welcome.html.erb within layouts/application
  Rendered pages/welcome.html.erb within layouts/application (0.6ms)
Completed 200 OK in 34ms (Views: 32.1ms | ActiveRecord: 0.0ms)


Started GET "/about" for 127.0.0.1 at 2020-01-08 11:09:15 -0300
Processing by PagesController#about as HTML
  Rendering pages/about.html.erb within layouts/application
  Rendered pages/about.html.erb within layouts/application (1.0ms)
Completed 200 OK in 62ms (Views: 57.7ms | ActiveRecord: 0.0ms)


Started GET "/" for 127.0.0.1 at 2020-01-08 11:09:17 -0300
Processing by PagesController#welcome as HTML
  Rendering pages/welcome.html.erb within layouts/application
  Rendered pages/welcome.html.erb within layouts/application (0.4ms)
Completed 200 OK in 21ms (Views: 20.3ms | ActiveRecord: 0.0ms)


Started GET "/about" for 127.0.0.1 at 2020-01-08 11:09:18 -0300
Processing by PagesController#about as HTML
  Rendering pages/about.html.erb within layouts/application
  Rendered pages/about.html.erb within layouts/application (0.8ms)
Completed 200 OK in 26ms (Views: 23.8ms | ActiveRecord: 0.0ms)


Started GET "/" for 127.0.0.1 at 2020-01-08 16:11:03 -0300
Processing by PagesController#welcome as HTML
  Rendering pages/welcome.html.erb within layouts/application
  Rendered pages/welcome.html.erb within layouts/application (2.6ms)
Completed 200 OK in 259ms (Views: 252.3ms | ActiveRecord: 0.0ms)


Started GET "/" for 127.0.0.1 at 2020-01-13 10:34:17 -0300
Processing by PagesController#welcome as HTML
  Rendering pages/welcome.html.erb within layouts/application
  Rendered pages/welcome.html.erb within layouts/application (1.0ms)
Completed 200 OK in 174ms (Views: 167.6ms | ActiveRecord: 0.0ms)


Started GET "/" for 127.0.0.1 at 2020-01-13 10:37:21 -0300
Processing by PagesController#welcome as HTML
  Rendering pages/welcome.html.erb within layouts/application
  Rendered pages/welcome.html.erb within layouts/application (1.1ms)
Completed 200 OK in 52ms (Views: 48.6ms | ActiveRecord: 0.0ms)


Started GET "/" for 127.0.0.1 at 2020-01-13 10:43:14 -0300
Processing by PagesController#welcome as HTML
  Rendering pages/welcome.html.erb within layouts/application
  Rendered pages/welcome.html.erb within layouts/application (0.9ms)
Completed 200 OK in 51ms (Views: 48.0ms | ActiveRecord: 0.0ms)


Started GET "/" for 127.0.0.1 at 2020-01-13 10:44:09 -0300
Processing by PagesController#welcome as HTML
  Rendering pages/welcome.html.erb within layouts/application
  Rendered pages/welcome.html.erb within layouts/application (0.9ms)
Completed 200 OK in 58ms (Views: 55.1ms | ActiveRecord: 0.0ms)


Started GET "/about" for 127.0.0.1 at 2020-01-13 10:44:10 -0300
Processing by PagesController#about as HTML
  Rendering pages/about.html.erb within layouts/application
  Rendered pages/about.html.erb within layouts/application (1.2ms)
Completed 200 OK in 46ms (Views: 42.0ms | ActiveRecord: 0.0ms)


Started GET "/" for 127.0.0.1 at 2020-01-13 10:44:12 -0300
Processing by PagesController#welcome as HTML
  Rendering pages/welcome.html.erb within layouts/application
  Rendered pages/welcome.html.erb within layouts/application (0.8ms)
Completed 200 OK in 28ms (Views: 25.0ms | ActiveRecord: 0.0ms)


Started GET "/about" for 127.0.0.1 at 2020-01-13 10:44:12 -0300
Processing by PagesController#about as HTML
  Rendering pages/about.html.erb within layouts/application
  Rendered pages/about.html.erb within layouts/application (2.1ms)
Completed 200 OK in 58ms (Views: 55.1ms | ActiveRecord: 0.0ms)


Started GET "/" for 127.0.0.1 at 2020-01-13 10:44:13 -0300
Processing by PagesController#welcome as HTML
  Rendering pages/welcome.html.erb within layouts/application
  Rendered pages/welcome.html.erb within layouts/application (1.3ms)
Completed 200 OK in 47ms (Views: 43.5ms | ActiveRecord: 0.0ms)


Started GET "/about" for 127.0.0.1 at 2020-01-13 10:44:13 -0300
Processing by PagesController#about as HTML
  Rendering pages/about.html.erb within layouts/application
  Rendered pages/about.html.erb within layouts/application (1.3ms)
Completed 200 OK in 50ms (Views: 47.7ms | ActiveRecord: 0.0ms)


Started GET "/" for 127.0.0.1 at 2020-01-13 10:44:14 -0300
Processing by PagesController#welcome as HTML
  Rendering pages/welcome.html.erb within layouts/application
  Rendered pages/welcome.html.erb within layouts/application (0.9ms)
Completed 200 OK in 49ms (Views: 45.6ms | ActiveRecord: 0.0ms)


Started GET "/about" for 127.0.0.1 at 2020-01-13 10:44:14 -0300
Processing by PagesController#about as HTML
  Rendering pages/about.html.erb within layouts/application
  Rendered pages/about.html.erb within layouts/application (0.5ms)
Completed 200 OK in 17ms (Views: 15.7ms | ActiveRecord: 0.0ms)


Started GET "/about" for 127.0.0.1 at 2020-01-13 10:46:30 -0300
Processing by PagesController#about as HTML
  Rendering pages/about.html.erb within layouts/application
  Rendered pages/about.html.erb within layouts/application (1.4ms)
Completed 200 OK in 29ms (Views: 26.9ms | ActiveRecord: 0.0ms)


Started GET "/about" for 127.0.0.1 at 2020-01-13 10:46:31 -0300
Processing by PagesController#about as HTML
  Rendering pages/about.html.erb within layouts/application
  Rendered pages/about.html.erb within layouts/application (0.5ms)
Completed 200 OK in 19ms (Views: 17.1ms | ActiveRecord: 0.0ms)


Started GET "/" for 127.0.0.1 at 2020-01-13 10:46:33 -0300
Processing by PagesController#welcome as HTML
  Rendering pages/welcome.html.erb within layouts/application
  Rendered pages/welcome.html.erb within layouts/application (0.3ms)
Completed 200 OK in 15ms (Views: 14.5ms | ActiveRecord: 0.0ms)


Started GET "/" for 127.0.0.1 at 2020-01-13 10:46:34 -0300
Processing by PagesController#welcome as HTML
  Rendering pages/welcome.html.erb within layouts/application
  Rendered pages/welcome.html.erb within layouts/application (0.4ms)
Completed 200 OK in 18ms (Views: 16.4ms | ActiveRecord: 0.0ms)


Started GET "/" for 127.0.0.1 at 2020-01-13 10:46:40 -0300
Processing by PagesController#welcome as HTML
  Rendering pages/welcome.html.erb within layouts/application
  Rendered pages/welcome.html.erb within layouts/application (0.2ms)
Completed 200 OK in 14ms (Views: 13.5ms | ActiveRecord: 0.0ms)


Started GET "/" for 127.0.0.1 at 2020-01-13 10:47:54 -0300
Processing by PagesController#welcome as HTML
  Rendering pages/welcome.html.erb within layouts/application
  Rendered pages/welcome.html.erb within layouts/application (1.0ms)
Completed 200 OK in 34ms (Views: 30.6ms | ActiveRecord: 0.0ms)


Started GET "/" for 127.0.0.1 at 2020-01-13 10:51:16 -0300
Processing by PagesController#welcome as HTML
  Rendering pages/welcome.html.erb within layouts/application
  Rendered pages/welcome.html.erb within layouts/application (0.3ms)
Completed 200 OK in 18ms (Views: 17.4ms | ActiveRecord: 0.0ms)


Started GET "/" for 127.0.0.1 at 2020-01-13 10:51:22 -0300
Processing by PagesController#welcome as HTML
  Rendering pages/welcome.html.erb within layouts/application
  Rendered pages/welcome.html.erb within layouts/application (0.3ms)
Completed 200 OK in 13ms (Views: 12.0ms | ActiveRecord: 0.0ms)


Started GET "/about" for 127.0.0.1 at 2020-01-13 10:51:23 -0300
Processing by PagesController#about as HTML
  Rendering pages/about.html.erb within layouts/application
  Rendered pages/about.html.erb within layouts/application (1.0ms)
Completed 200 OK in 48ms (Views: 45.6ms | ActiveRecord: 0.0ms)


Started GET "/" for 127.0.0.1 at 2020-01-13 10:51:24 -0300
Processing by PagesController#welcome as HTML
  Rendering pages/welcome.html.erb within layouts/application
  Rendered pages/welcome.html.erb within layouts/application (0.9ms)
Completed 200 OK in 42ms (Views: 39.2ms | ActiveRecord: 0.0ms)


Started GET "/" for 127.0.0.1 at 2020-01-13 10:51:37 -0300
Processing by PagesController#welcome as HTML
  Rendering pages/welcome.html.erb within layouts/application
  Rendered pages/welcome.html.erb within layouts/application (0.4ms)
Completed 200 OK in 22ms (Views: 19.4ms | ActiveRecord: 0.0ms)


Started GET "/" for 127.0.0.1 at 2020-01-13 10:52:48 -0300
Processing by PagesController#welcome as HTML
  Rendering pages/welcome.html.erb within layouts/application
  Rendered pages/welcome.html.erb within layouts/application (1.0ms)
Completed 200 OK in 58ms (Views: 55.3ms | ActiveRecord: 0.0ms)


Started GET "/" for 127.0.0.1 at 2020-01-13 10:54:12 -0300
Processing by PagesController#welcome as HTML
  Rendering pages/welcome.html.erb within layouts/application
  Rendered pages/welcome.html.erb within layouts/application (1.1ms)
Completed 200 OK in 60ms (Views: 57.4ms | ActiveRecord: 0.0ms)


Started GET "/" for 127.0.0.1 at 2020-01-13 10:54:44 -0300
Processing by PagesController#welcome as HTML
  Rendering pages/welcome.html.erb within layouts/application
  Rendered pages/welcome.html.erb within layouts/application (0.9ms)
Completed 200 OK in 48ms (Views: 45.5ms | ActiveRecord: 0.0ms)


Started GET "/" for 127.0.0.1 at 2020-01-13 10:54:45 -0300
Processing by PagesController#welcome as HTML
  Rendering pages/welcome.html.erb within layouts/application
  Rendered pages/welcome.html.erb within layouts/application (1.0ms)
Completed 200 OK in 68ms (Views: 64.9ms | ActiveRecord: 0.0ms)


Started GET "/" for 127.0.0.1 at 2020-01-13 10:54:46 -0300
Processing by PagesController#welcome as HTML
  Rendering pages/welcome.html.erb within layouts/application
  Rendered pages/welcome.html.erb within layouts/application (0.9ms)
Completed 200 OK in 36ms (Views: 32.4ms | ActiveRecord: 0.0ms)


Started GET "/" for 127.0.0.1 at 2020-01-13 10:57:23 -0300
Processing by PagesController#welcome as HTML
  Rendering pages/welcome.html.erb within layouts/application
  Rendered pages/welcome.html.erb within layouts/application (0.4ms)
Completed 200 OK in 15ms (Views: 14.1ms | ActiveRecord: 0.0ms)


Started GET "/" for 127.0.0.1 at 2020-01-13 10:57:30 -0300
Processing by PagesController#welcome as HTML
  Rendering pages/welcome.html.erb within layouts/application
  Rendered pages/welcome.html.erb within layouts/application (0.4ms)
Completed 200 OK in 16ms (Views: 14.7ms | ActiveRecord: 0.0ms)


Started GET "/" for 127.0.0.1 at 2020-01-13 11:00:28 -0300
Processing by PagesController#welcome as HTML
  Rendering pages/welcome.html.erb within layouts/application
  Rendered pages/welcome.html.erb within layouts/application (0.3ms)
Completed 200 OK in 15ms (Views: 14.6ms | ActiveRecord: 0.0ms)


Started GET "/" for 127.0.0.1 at 2020-01-13 11:00:29 -0300
Processing by PagesController#welcome as HTML
  Rendering pages/welcome.html.erb within layouts/application
  Rendered pages/welcome.html.erb within layouts/application (1.0ms)
Completed 200 OK in 54ms (Views: 51.1ms | ActiveRecord: 0.0ms)


Started GET "/" for 127.0.0.1 at 2020-01-13 11:00:29 -0300
Processing by PagesController#welcome as HTML
  Rendering pages/welcome.html.erb within layouts/application
  Rendered pages/welcome.html.erb within layouts/application (0.9ms)
Completed 200 OK in 22ms (Views: 20.5ms | ActiveRecord: 0.0ms)


Started GET "/" for 127.0.0.1 at 2020-01-13 11:04:37 -0300
Processing by PagesController#welcome as HTML
  Rendering pages/welcome.html.erb within layouts/application
  Rendered pages/welcome.html.erb within layouts/application (0.5ms)
Completed 200 OK in 22ms (Views: 21.5ms | ActiveRecord: 0.0ms)


Started GET "/" for 127.0.0.1 at 2020-01-13 11:04:41 -0300
Processing by PagesController#welcome as HTML
  Rendering pages/welcome.html.erb within layouts/application
  Rendered pages/welcome.html.erb within layouts/application (0.4ms)
Completed 200 OK in 16ms (Views: 14.8ms | ActiveRecord: 0.0ms)


Started GET "/" for 127.0.0.1 at 2020-01-13 11:06:42 -0300
Processing by PagesController#welcome as HTML
  Rendering pages/welcome.html.erb within layouts/application
  Rendered pages/welcome.html.erb within layouts/application (0.6ms)
Completed 200 OK in 28ms (Views: 25.1ms | ActiveRecord: 0.0ms)


Started GET "/" for 127.0.0.1 at 2020-01-13 11:07:26 -0300
Processing by PagesController#welcome as HTML
  Rendering pages/welcome.html.erb within layouts/application
  Rendered pages/welcome.html.erb within layouts/application (0.5ms)
Completed 200 OK in 20ms (Views: 19.3ms | ActiveRecord: 0.0ms)


Started GET "/" for 127.0.0.1 at 2020-01-13 11:07:47 -0300
Processing by PagesController#welcome as HTML
  Rendering pages/welcome.html.erb within layouts/application
  Rendered pages/welcome.html.erb within layouts/application (0.5ms)
Completed 200 OK in 24ms (Views: 22.9ms | ActiveRecord: 0.0ms)


Started GET "/" for 127.0.0.1 at 2020-01-13 11:07:58 -0300
Processing by PagesController#welcome as HTML
  Rendering pages/welcome.html.erb within layouts/application
  Rendered pages/welcome.html.erb within layouts/application (0.6ms)
Completed 200 OK in 24ms (Views: 22.6ms | ActiveRecord: 0.0ms)


Started GET "/" for 127.0.0.1 at 2020-01-13 11:08:14 -0300
Processing by PagesController#welcome as HTML
  Rendering pages/welcome.html.erb within layouts/application
  Rendered pages/welcome.html.erb within layouts/application (0.9ms)
Completed 200 OK in 36ms (Views: 33.8ms | ActiveRecord: 0.0ms)


Started GET "/" for 127.0.0.1 at 2020-01-13 11:08:16 -0300
Processing by PagesController#welcome as HTML
  Rendering pages/welcome.html.erb within layouts/application
  Rendered pages/welcome.html.erb within layouts/application (0.7ms)
Completed 200 OK in 29ms (Views: 26.7ms | ActiveRecord: 0.0ms)


Started GET "/" for 127.0.0.1 at 2020-01-13 11:08:17 -0300
Processing by PagesController#welcome as HTML
  Rendering pages/welcome.html.erb within layouts/application
  Rendered pages/welcome.html.erb within layouts/application (1.1ms)
Completed 200 OK in 43ms (Views: 41.1ms | ActiveRecord: 0.0ms)


Started GET "/about" for 127.0.0.1 at 2020-01-13 11:08:18 -0300
Processing by PagesController#about as HTML
  Rendering pages/about.html.erb within layouts/application
  Rendered pages/about.html.erb within layouts/application (0.7ms)
Completed 200 OK in 26ms (Views: 22.6ms | ActiveRecord: 0.0ms)


Started GET "/" for 127.0.0.1 at 2020-01-13 11:08:18 -0300
Processing by PagesController#welcome as HTML
  Rendering pages/welcome.html.erb within layouts/application
  Rendered pages/welcome.html.erb within layouts/application (1.1ms)
Completed 200 OK in 35ms (Views: 31.5ms | ActiveRecord: 0.0ms)


Started GET "/about" for 127.0.0.1 at 2020-01-13 11:08:19 -0300
Processing by PagesController#about as HTML
  Rendering pages/about.html.erb within layouts/application
  Rendered pages/about.html.erb within layouts/application (0.6ms)
Completed 200 OK in 24ms (Views: 21.6ms | ActiveRecord: 0.0ms)


Started GET "/" for 127.0.0.1 at 2020-01-13 11:08:20 -0300
Processing by PagesController#welcome as HTML
  Rendering pages/welcome.html.erb within layouts/application
  Rendered pages/welcome.html.erb within layouts/application (0.5ms)
Completed 200 OK in 21ms (Views: 19.7ms | ActiveRecord: 0.0ms)


Started GET "/" for 127.0.0.1 at 2020-01-13 11:08:21 -0300
Processing by PagesController#welcome as HTML
  Rendering pages/welcome.html.erb within layouts/application
  Rendered pages/welcome.html.erb within layouts/application (1.2ms)
Completed 200 OK in 59ms (Views: 55.0ms | ActiveRecord: 0.0ms)


Started GET "/" for 127.0.0.1 at 2020-01-13 11:08:22 -0300
Processing by PagesController#welcome as HTML
  Rendering pages/welcome.html.erb within layouts/application
  Rendered pages/welcome.html.erb within layouts/application (1.8ms)
Completed 200 OK in 44ms (Views: 41.4ms | ActiveRecord: 0.0ms)


Started GET "/about" for 127.0.0.1 at 2020-01-13 11:08:23 -0300
Processing by PagesController#about as HTML
  Rendering pages/about.html.erb within layouts/application
  Rendered pages/about.html.erb within layouts/application (8.3ms)
Completed 200 OK in 28ms (Views: 26.0ms | ActiveRecord: 0.0ms)


Started GET "/about" for 127.0.0.1 at 2020-01-13 11:10:22 -0300
Processing by PagesController#about as HTML
  Rendering pages/about.html.erb within layouts/application
  Rendered pages/about.html.erb within layouts/application (1.3ms)
Completed 200 OK in 34ms (Views: 31.8ms | ActiveRecord: 0.0ms)


Started GET "/about" for 127.0.0.1 at 2020-01-13 11:32:21 -0300
Processing by PagesController#about as HTML
  Rendering pages/about.html.erb within layouts/application
  Rendered pages/about.html.erb within layouts/application (1.6ms)
Completed 200 OK in 240ms (Views: 231.9ms | ActiveRecord: 0.0ms)


Started GET "/" for 127.0.0.1 at 2020-01-13 11:37:45 -0300
Processing by PagesController#welcome as HTML
  Rendering pages/welcome.html.erb within layouts/application
  Rendered pages/welcome.html.erb within layouts/application (0.6ms)
Completed 200 OK in 161ms (Views: 155.9ms | ActiveRecord: 0.0ms)


Started GET "/" for 127.0.0.1 at 2020-01-13 11:42:22 -0300
Processing by PagesController#welcome as HTML
  Rendering pages/welcome.html.erb within layouts/application
  Rendered pages/welcome.html.erb within layouts/application (1.3ms)
Completed 200 OK in 57ms (Views: 52.2ms | ActiveRecord: 0.0ms)


Started GET "/" for 127.0.0.1 at 2020-01-13 11:42:45 -0300
Processing by PagesController#welcome as HTML
  Rendering pages/welcome.html.erb within layouts/application
  Rendered pages/welcome.html.erb within layouts/application (1.1ms)
Completed 200 OK in 58ms (Views: 54.2ms | ActiveRecord: 0.0ms)


Started GET "/" for 127.0.0.1 at 2020-01-13 11:45:49 -0300
Processing by PagesController#welcome as HTML
  Rendering pages/welcome.html.erb within layouts/application
  Rendered pages/welcome.html.erb within layouts/application (1.0ms)
Completed 200 OK in 65ms (Views: 62.4ms | ActiveRecord: 0.0ms)


Started GET "/" for 127.0.0.1 at 2020-01-13 11:46:04 -0300
Processing by PagesController#welcome as HTML
  Rendering pages/welcome.html.erb within layouts/application
  Rendered pages/welcome.html.erb within layouts/application (1.1ms)
Completed 200 OK in 39ms (Views: 35.6ms | ActiveRecord: 0.0ms)


Started GET "/" for 127.0.0.1 at 2020-01-13 11:46:20 -0300
Processing by PagesController#welcome as HTML
  Rendering pages/welcome.html.erb within layouts/application
  Rendered pages/welcome.html.erb within layouts/application (1.0ms)
Completed 200 OK in 62ms (Views: 58.7ms | ActiveRecord: 0.0ms)


Started GET "/" for 127.0.0.1 at 2020-01-13 11:46:44 -0300
Processing by PagesController#welcome as HTML
  Rendering pages/welcome.html.erb within layouts/application
  Rendered pages/welcome.html.erb within layouts/application (0.8ms)
Completed 200 OK in 60ms (Views: 56.7ms | ActiveRecord: 0.0ms)


Started GET "/" for 127.0.0.1 at 2020-01-13 11:46:46 -0300
Processing by PagesController#welcome as HTML
  Rendering pages/welcome.html.erb within layouts/application
  Rendered pages/welcome.html.erb within layouts/application (0.7ms)
Completed 200 OK in 56ms (Views: 53.8ms | ActiveRecord: 0.0ms)


Started GET "/" for 127.0.0.1 at 2020-01-13 11:46:47 -0300
Processing by PagesController#welcome as HTML
  Rendering pages/welcome.html.erb within layouts/application
  Rendered pages/welcome.html.erb within layouts/application (1.1ms)
Completed 200 OK in 60ms (Views: 57.3ms | ActiveRecord: 0.0ms)


Started GET "/" for 127.0.0.1 at 2020-01-13 11:54:46 -0300
Processing by PagesController#welcome as HTML
  Rendering pages/welcome.html.erb within layouts/application
  Rendered pages/welcome.html.erb within layouts/application (0.4ms)
Completed 200 OK in 18ms (Views: 16.6ms | ActiveRecord: 0.0ms)


Started GET "/" for 127.0.0.1 at 2020-01-13 11:54:48 -0300
Processing by PagesController#welcome as HTML
  Rendering pages/welcome.html.erb within layouts/application
  Rendered pages/welcome.html.erb within layouts/application (0.5ms)
Started GET "/" for 127.0.0.1 at 2020-01-13 11:54:48 -0300
Processing by PagesController#welcome as HTML
  Rendering pages/welcome.html.erb within layouts/application
  Rendered pages/welcome.html.erb within layouts/application (0.4ms)
Completed 200 OK in 27ms (Views: 26.2ms | ActiveRecord: 0.0ms)


Completed 200 OK in 19ms (Views: 17.3ms | ActiveRecord: 0.0ms)


Started GET "/" for 127.0.0.1 at 2020-01-13 11:55:06 -0300
Processing by PagesController#welcome as HTML
  Rendering pages/welcome.html.erb within layouts/application
  Rendered pages/welcome.html.erb within layouts/application (0.3ms)
Completed 200 OK in 12ms (Views: 11.3ms | ActiveRecord: 0.0ms)


Started GET "/" for 127.0.0.1 at 2020-01-13 11:55:07 -0300
Processing by PagesController#welcome as HTML
  Rendering pages/welcome.html.erb within layouts/application
  Rendered pages/welcome.html.erb within layouts/application (1.0ms)
Completed 200 OK in 52ms (Views: 48.8ms | ActiveRecord: 0.0ms)


Started GET "/" for 127.0.0.1 at 2020-01-13 11:55:20 -0300
Processing by PagesController#welcome as HTML
  Rendering pages/welcome.html.erb within layouts/application
  Rendered pages/welcome.html.erb within layouts/application (1.2ms)
Completed 200 OK in 16ms (Views: 15.6ms | ActiveRecord: 0.0ms)


Started GET "/" for 127.0.0.1 at 2020-01-13 11:55:52 -0300
Processing by PagesController#welcome as HTML
  Rendering pages/welcome.html.erb within layouts/application
  Rendered pages/welcome.html.erb within layouts/application (0.2ms)
Completed 200 OK in 14ms (Views: 12.7ms | ActiveRecord: 0.0ms)


Started GET "/" for 127.0.0.1 at 2020-01-13 11:56:17 -0300
Processing by PagesController#welcome as HTML
  Rendering pages/welcome.html.erb within layouts/application
  Rendered pages/welcome.html.erb within layouts/application (0.2ms)
Completed 200 OK in 16ms (Views: 15.4ms | ActiveRecord: 0.0ms)


Started GET "/" for 127.0.0.1 at 2020-01-13 11:56:27 -0300
Processing by PagesController#welcome as HTML
  Rendering pages/welcome.html.erb within layouts/application
  Rendered pages/welcome.html.erb within layouts/application (0.6ms)
Completed 200 OK in 15ms (Views: 14.2ms | ActiveRecord: 0.0ms)


Started GET "/" for 127.0.0.1 at 2020-01-13 11:56:43 -0300
Processing by PagesController#welcome as HTML
  Rendering pages/welcome.html.erb within layouts/application
  Rendered pages/welcome.html.erb within layouts/application (0.3ms)
Completed 200 OK in 14ms (Views: 12.9ms | ActiveRecord: 0.0ms)


  [1m[35m (0.1ms)[0m  [1m[34mSELECT sqlite_version(*)[0m
  ↳ /usr/lib/ruby/vendor_ruby/rake/task.rb:271
  [1m[35m (8.1ms)[0m  [1m[35mCREATE TABLE "schema_migrations" ("version" varchar NOT NULL PRIMARY KEY)[0m
  ↳ /usr/lib/ruby/vendor_ruby/rake/task.rb:271
  [1m[35m (7.7ms)[0m  [1m[35mCREATE TABLE "ar_internal_metadata" ("key" varchar NOT NULL PRIMARY KEY, "value" varchar, "created_at" datetime NOT NULL, "updated_at" datetime NOT NULL)[0m
  ↳ /usr/lib/ruby/vendor_ruby/rake/task.rb:271
  [1m[35m (0.1ms)[0m  [1m[34mSELECT "schema_migrations"."version" FROM "schema_migrations" ORDER BY "schema_migrations"."version" ASC[0m
  ↳ /usr/lib/ruby/vendor_ruby/rake/task.rb:271
Migrating to CreatePosts (20200113165752)
  [1m[35m (0.1ms)[0m  [1m[36mbegin transaction[0m
  ↳ /usr/lib/ruby/vendor_ruby/rake/task.rb:271
  [1m[35m (0.5ms)[0m  [1m[35mCREATE TABLE "posts" ("id" integer PRIMARY KEY AUTOINCREMENT NOT NULL, "title" varchar, "content" text, "created_at" datetime NOT NULL, "updated_at" datetime NOT NULL)[0m
  ↳ db/migrate/20200113165752_create_posts.rb:3
  [1m[36mActiveRecord::SchemaMigration Create (0.2ms)[0m  [1m[32mINSERT INTO "schema_migrations" ("version") VALUES (?)[0m  [["version", "20200113165752"]]
  ↳ /usr/lib/ruby/vendor_ruby/rake/task.rb:271
  [1m[35m (6.5ms)[0m  [1m[36mcommit transaction[0m
  ↳ /usr/lib/ruby/vendor_ruby/rake/task.rb:271
  [1m[36mActiveRecord::InternalMetadata Load (0.2ms)[0m  [1m[34mSELECT  "ar_internal_metadata".* FROM "ar_internal_metadata" WHERE "ar_internal_metadata"."key" = ? LIMIT ?[0m  [["key", "environment"], ["LIMIT", 1]]
  ↳ /usr/lib/ruby/vendor_ruby/rake/task.rb:271
  [1m[35m (0.1ms)[0m  [1m[36mbegin transaction[0m
  ↳ /usr/lib/ruby/vendor_ruby/rake/task.rb:271
  [1m[36mActiveRecord::InternalMetadata Create (0.2ms)[0m  [1m[32mINSERT INTO "ar_internal_metadata" ("key", "value", "created_at", "updated_at") VALUES (?, ?, ?, ?)[0m  [["key", "environment"], ["value", "development"], ["created_at", "2020-01-13 16:59:07.012177"], ["updated_at", "2020-01-13 16:59:07.012177"]]
  ↳ /usr/lib/ruby/vendor_ruby/rake/task.rb:271
  [1m[35m (5.2ms)[0m  [1m[36mcommit transaction[0m
  ↳ /usr/lib/ruby/vendor_ruby/rake/task.rb:271
  [1m[35m (0.1ms)[0m  [1m[34mSELECT "schema_migrations"."version" FROM "schema_migrations" ORDER BY "schema_migrations"."version" ASC[0m
  ↳ /usr/lib/ruby/vendor_ruby/rake/task.rb:271
Started GET "/" for 127.0.0.1 at 2020-01-13 13:59:20 -0300
  [1m[35m (0.1ms)[0m  [1m[34mSELECT "schema_migrations"."version" FROM "schema_migrations" ORDER BY "schema_migrations"."version" ASC[0m
  ↳ /usr/lib/ruby/vendor_ruby/web_console/middleware.rb:135
Processing by PagesController#welcome as HTML
  Rendering pages/welcome.html.erb within layouts/application
  Rendered pages/welcome.html.erb within layouts/application (0.4ms)
Completed 200 OK in 181ms (Views: 179.4ms | ActiveRecord: 0.0ms)


Started GET "/posts" for 127.0.0.1 at 2020-01-13 14:00:08 -0300
Processing by PostsController#index as HTML
  Rendering posts/index.html.erb within layouts/application
  [1m[36mPost Load (0.2ms)[0m  [1m[34mSELECT "posts".* FROM "posts"[0m
  ↳ app/views/posts/index.html.erb:15
  Rendered posts/index.html.erb within layouts/application (3.6ms)
Completed 200 OK in 35ms (Views: 30.6ms | ActiveRecord: 0.7ms)


Started GET "/posts/new" for 127.0.0.1 at 2020-01-13 14:00:12 -0300
Processing by PostsController#new as HTML
  Rendering posts/new.html.erb within layouts/application
  Rendered posts/_form.html.erb (21.9ms)
  Rendered posts/new.html.erb within layouts/application (24.3ms)
Completed 200 OK in 77ms (Views: 51.3ms | ActiveRecord: 1.6ms)


Started POST "/posts" for 127.0.0.1 at 2020-01-13 14:00:41 -0300
Processing by PostsController#create as HTML
  Parameters: {"utf8"=>"✓", "authenticity_token"=>"UMLu18ULRBk/GrDFzhpq0i9rFUQVz6bS+5c59kbqKBFedcBo/Gggwkl1eW/BHLaGLHAq0gCslXFj+MnNAg/1PQ==", "post"=>{"title"=>"first", "content"=>"suckas"}, "commit"=>"Create Post"}
  [1m[35m (0.1ms)[0m  [1m[36mbegin transaction[0m
  ↳ app/controllers/posts_controller.rb:30
  [1m[36mPost Create (0.4ms)[0m  [1m[32mINSERT INTO "posts" ("title", "content", "created_at", "updated_at") VALUES (?, ?, ?, ?)[0m  [["title", "first"], ["content", "suckas"], ["created_at", "2020-01-13 17:00:41.161998"], ["updated_at", "2020-01-13 17:00:41.161998"]]
  ↳ app/controllers/posts_controller.rb:30
  [1m[35m (12.1ms)[0m  [1m[36mcommit transaction[0m
  ↳ app/controllers/posts_controller.rb:30
Redirected to http://localhost:3000/posts/1
Completed 302 Found in 17ms (ActiveRecord: 12.6ms)


Started GET "/posts/1" for 127.0.0.1 at 2020-01-13 14:00:41 -0300
Processing by PostsController#show as HTML
  Parameters: {"id"=>"1"}
  [1m[36mPost Load (0.3ms)[0m  [1m[34mSELECT  "posts".* FROM "posts" WHERE "posts"."id" = ? LIMIT ?[0m  [["id", 1], ["LIMIT", 1]]
  ↳ app/controllers/posts_controller.rb:67
  Rendering posts/show.html.erb within layouts/application
  Rendered posts/show.html.erb within layouts/application (1.1ms)
Completed 200 OK in 24ms (Views: 17.4ms | ActiveRecord: 0.3ms)


Started POST "/posts" for 127.0.0.1 at 2020-01-13 14:01:05 -0300
Processing by PostsController#create as HTML
  Parameters: {"utf8"=>"✓", "authenticity_token"=>"UMLu18ULRBk/GrDFzhpq0i9rFUQVz6bS+5c59kbqKBFedcBo/Gggwkl1eW/BHLaGLHAq0gCslXFj+MnNAg/1PQ==", "post"=>{"title"=>"well", "content"=>"maybe it works\r\n"}, "commit"=>"Create Post"}
  [1m[35m (0.2ms)[0m  [1m[36mbegin transaction[0m
  ↳ app/controllers/posts_controller.rb:30
  [1m[36mPost Create (0.9ms)[0m  [1m[32mINSERT INTO "posts" ("title", "content", "created_at", "updated_at") VALUES (?, ?, ?, ?)[0m  [["title", "well"], ["content", "maybe it works\r\n"], ["created_at", "2020-01-13 17:01:05.541937"], ["updated_at", "2020-01-13 17:01:05.541937"]]
  ↳ app/controllers/posts_controller.rb:30
  [1m[35m (10.4ms)[0m  [1m[36mcommit transaction[0m
  ↳ app/controllers/posts_controller.rb:30
Redirected to http://localhost:3000/posts/2
Completed 302 Found in 26ms (ActiveRecord: 11.4ms)


Started GET "/posts/2" for 127.0.0.1 at 2020-01-13 14:01:05 -0300
Processing by PostsController#show as HTML
  Parameters: {"id"=>"2"}
  [1m[36mPost Load (0.3ms)[0m  [1m[34mSELECT  "posts".* FROM "posts" WHERE "posts"."id" = ? LIMIT ?[0m  [["id", 2], ["LIMIT", 1]]
  ↳ app/controllers/posts_controller.rb:67
  Rendering posts/show.html.erb within layouts/application
  Rendered posts/show.html.erb within layouts/application (1.0ms)
Completed 200 OK in 35ms (Views: 30.5ms | ActiveRecord: 0.3ms)


Started GET "/posts" for 127.0.0.1 at 2020-01-13 14:01:18 -0300
Processing by PostsController#index as HTML
  Rendering posts/index.html.erb within layouts/application
  [1m[36mPost Load (0.3ms)[0m  [1m[34mSELECT "posts".* FROM "posts"[0m
  ↳ app/views/posts/index.html.erb:15
  Rendered posts/index.html.erb within layouts/application (3.4ms)
Completed 200 OK in 37ms (Views: 35.6ms | ActiveRecord: 0.3ms)


